<?xml version="1.0" encoding="UTF-8" ?>
<testsuite failures="0" time="2.709" errors="0" skipped="0" tests="456" name="com.bdd.runner.RunRomanTest">
  <properties>
[...]
</properties>
  <testcase time="0.001" classname="Scenario: Convert M" name="Given I have a RomanConverter"/>
  <testcase time="0" classname="Scenario: Convert M" name="When I have \&quot;M\&quot;"/>
  <testcase time="0" classname="Scenario: Convert M" name="Then the result should be 1000"/>
  <testcase time="0.001" classname="Scenario: Convert M" name="Scenario: Convert M"/>
  <testcase time="0" classname="Scenario: Convert CM" name="Given I have a RomanConverter"/>
  <testcase time="0" classname="Scenario: Convert CM" name="When I have \&quot;CM\&quot;"/>
  <testcase time="0" classname="Scenario: Convert CM" name="Then the result should be 900"/>
  <testcase time="0.001" classname="Scenario: Convert CM" name="Scenario: Convert CM"/>
  <testcase time="0" classname="Scenario: Convert D" name="Given I have a RomanConverter"/>
  <testcase time="0" classname="Scenario: Convert D" name="When I have \&quot;D\&quot;"/>
  <testcase time="0" classname="Scenario: Convert D" name="Then the result should be 500"/>
  <testcase time="0" classname="Scenario: Convert D" name="Scenario: Convert D"/>
  <testcase time="0" classname="Scenario: Convert CD" name="Given I have a RomanConverter"/>
  <testcase time="0" classname="Scenario: Convert CD" name="When I have \&quot;CD\&quot;"/>
  <testcase time="0" classname="Scenario: Convert CD" name="Then the result should be 400"/>
  <testcase time="0.023" classname="Scenario: Convert CD" name="Scenario: Convert CD"/>
  <testcase time="0" classname="Scenario: Convert C" name="Given I have a RomanConverter"/>
  <testcase time="0.001" classname="Scenario: Convert C" name="When I have \&quot;C\&quot;"/>
  <testcase time="0" classname="Scenario: Convert C" name="Then the result should be 100"/>
  <testcase time="0" classname="Scenario: Convert C" name="Scenario: Convert C"/>
  <testcase time="0" classname="Scenario: Convert XC" name="Given I have a RomanConverter"/>
  <testcase time="0" classname="Scenario: Convert XC" name="When I have \&quot;XC\&quot;"/>
  <testcase time="0" classname="Scenario: Convert XC" name="Then the result should be 90"/>
  <testcase time="0.006" classname="Scenario: Convert XC" name="Scenario: Convert XC"/>
  <testcase time="0" classname="Scenario: Convert L" name="Given I have a RomanConverter"/>
  <testcase time="0" classname="Scenario: Convert L" name="When I have \&quot;L\&quot;"/>
  <testcase time="0" classname="Scenario: Convert L" name="Then the result should be 50"/>
  <testcase time="0" classname="Scenario: Convert L" name="Scenario: Convert L"/>
  <testcase time="0" classname="Scenario: Convert XL" name="Given I have a RomanConverter"/>
  <testcase time="0" classname="Scenario: Convert XL" name="When I have \&quot;XL\&quot;"/>
  <testcase time="0" classname="Scenario: Convert XL" name="Then the result should be 40"/>
  <testcase time="0.003" classname="Scenario: Convert XL" name="Scenario: Convert XL"/>
  <testcase time="0" classname="Scenario: Convert X" name="Given I have a RomanConverter"/>
  <testcase time="0" classname="Scenario: Convert X" name="When I have \&quot;X\&quot;"/>
  <testcase time="0" classname="Scenario: Convert X" name="Then the result should be 10"/>
  <testcase time="0" classname="Scenario: Convert X" name="Scenario: Convert X"/>
  <testcase time="0" classname="Scenario: Convert IX" name="Given I have a RomanConverter"/>
  <testcase time="0" classname="Scenario: Convert IX" name="When I have \&quot;IX\&quot;"/>
  <testcase time="0" classname="Scenario: Convert IX" name="Then the result should be 9"/>
  <testcase time="0" classname="Scenario: Convert IX" name="Scenario: Convert IX"/>
  <testcase time="0" classname="Scenario: Convert V" name="Given I have a RomanConverter"/>
  <testcase time="0" classname="Scenario: Convert V" name="When I have \&quot;V\&quot;"/>
  <testcase time="0.001" classname="Scenario: Convert V" name="Then the result should be 5"/>
  <testcase time="0.001" classname="Scenario: Convert V" name="Scenario: Convert V"/>
  <testcase time="0" classname="Scenario: Convert IV" name="Given I have a RomanConverter"/>
  <testcase time="0" classname="Scenario: Convert IV" name="When I have \&quot;IV\&quot;"/>
  <testcase time="0" classname="Scenario: Convert IV" name="Then the result should be 4"/>
  <testcase time="0" classname="Scenario: Convert IV" name="Scenario: Convert IV"/>
  <testcase time="0" classname="Scenario: Convert I" name="Given I have a RomanConverter"/>
  <testcase time="0" classname="Scenario: Convert I" name="When I have \&quot;I\&quot;"/>
  <testcase time="0" classname="Scenario: Convert I" name="Then the result should be 1"/>
  <testcase time="0" classname="Scenario: Convert I" name="Scenario: Convert I"/>
  <testcase time="0" classname="Scenario: Convert II" name="Given I have a RomanConverter"/>
  <testcase time="0" classname="Scenario: Convert II" name="When I have \&quot;II\&quot;"/>
  <testcase time="0" classname="Scenario: Convert II" name="Then the result should be 2"/>
  <testcase time="0" classname="Scenario: Convert II" name="Scenario: Convert II"/>
  <testcase time="0" classname="Scenario: Convert III" name="Given I have a RomanConverter"/>
  <testcase time="0" classname="Scenario: Convert III" name="When I have \&quot;III\&quot;"/>
  <testcase time="0" classname="Scenario: Convert III" name="Then the result should be 3"/>
  <testcase time="0.001" classname="Scenario: Convert III" name="Scenario: Convert III"/>
  <testcase time="0" classname="Scenario: Convert VI" name="Given I have a RomanConverter"/>
  <testcase time="0" classname="Scenario: Convert VI" name="When I have \&quot;VI\&quot;"/>
  <testcase time="0" classname="Scenario: Convert VI" name="Then the result should be 6"/>
  <testcase time="0" classname="Scenario: Convert VI" name="Scenario: Convert VI"/>
  <testcase time="0" classname="Scenario: Convert VII" name="Given I have a RomanConverter"/>
  <testcase time="0" classname="Scenario: Convert VII" name="When I have \&quot;VII\&quot;"/>
  <testcase time="0.001" classname="Scenario: Convert VII" name="Then the result should be 7"/>
  <testcase time="0.001" classname="Scenario: Convert VII" name="Scenario: Convert VII"/>
  <testcase time="0" classname="Scenario: Convert VIII" name="Given I have a RomanConverter"/>
  <testcase time="0" classname="Scenario: Convert VIII" name="When I have \&quot;VIII\&quot;"/>
  <testcase time="0" classname="Scenario: Convert VIII" name="Then the result should be 8"/>
  <testcase time="0" classname="Scenario: Convert VIII" name="Scenario: Convert VIII"/>
  <testcase time="0" classname="Scenario: Convert XX" name="Given I have a RomanConverter"/>
  <testcase time="0" classname="Scenario: Convert XX" name="When I have \&quot;XX\&quot;"/>
  <testcase time="0" classname="Scenario: Convert XX" name="Then the result should be 20"/>
  <testcase time="0" classname="Scenario: Convert XX" name="Scenario: Convert XX"/>
  <testcase time="0" classname="Scenario: Convert XXX" name="Given I have a RomanConverter"/>
  <testcase time="0" classname="Scenario: Convert XXX" name="When I have \&quot;XXX\&quot;"/>
  <testcase time="0" classname="Scenario: Convert XXX" name="Then the result should be 30"/>
  <testcase time="0.001" classname="Scenario: Convert XXX" name="Scenario: Convert XXX"/>
  <testcase time="0" classname="Scenario: Convert MM" name="Given I have a RomanConverter"/>
  <testcase time="0" classname="Scenario: Convert MM" name="When I have \&quot;MM\&quot;"/>
  <testcase time="0" classname="Scenario: Convert MM" name="Then the result should be 2000"/>
  <testcase time="0" classname="Scenario: Convert MM" name="Scenario: Convert MM"/>
  <testcase time="0.001" classname="Scenario: Convert MMM" name="Given I have a RomanConverter"/>
  <testcase time="0" classname="Scenario: Convert MMM" name="When I have \&quot;MMM\&quot;"/>
  <testcase time="0" classname="Scenario: Convert MMM" name="Then the result should be 3000"/>
  <testcase time="0" classname="Scenario: Convert MMM" name="Scenario: Convert MMM"/>
  <testcase time="0" classname="Scenario: Convert MX" name="Given I have a RomanConverter"/>
  <testcase time="0" classname="Scenario: Convert MX" name="When I have \&quot;MX\&quot;"/>
  <testcase time="0" classname="Scenario: Convert MX" name="Then the result should be 1010"/>
  <testcase time="0" classname="Scenario: Convert MX" name="Scenario: Convert MX"/>
  <testcase time="0" classname="Scenario: Convert MI" name="Given I have a RomanConverter"/>
  <testcase time="0" classname="Scenario: Convert MI" name="When I have \&quot;MI\&quot;"/>
  <testcase time="0" classname="Scenario: Convert MI" name="Then the result should be 1001"/>
  <testcase time="0" classname="Scenario: Convert MI" name="Scenario: Convert MI"/>
  <testcase time="0" classname="Scenario: Convert MD" name="Given I have a RomanConverter"/>
  <testcase time="0" classname="Scenario: Convert MD" name="When I have \&quot;MD\&quot;"/>
  <testcase time="0" classname="Scenario: Convert MD" name="Then the result should be 1500"/>
  <testcase time="0.001" classname="Scenario: Convert MD" name="Scenario: Convert MD"/>
  <testcase time="0.001" classname="Scenario: Convert XXXI" name="Given I have a RomanConverter"/>
  <testcase time="0" classname="Scenario: Convert XXXI" name="When I have \&quot;XXXI\&quot;"/>
  <testcase time="0" classname="Scenario: Convert XXXI" name="Then the result should be 31"/>
  <testcase time="0" classname="Scenario: Convert XXXI" name="Scenario: Convert XXXI"/>
  <testcase time="0" classname="Scenario: Convert CXLVIII" name="Given I have a RomanConverter"/>
  <testcase time="0" classname="Scenario: Convert CXLVIII" name="When I have \&quot;CXLVIII\&quot;"/>
  <testcase time="0" classname="Scenario: Convert CXLVIII" name="Then the result should be 148"/>
  <testcase time="0.001" classname="Scenario: Convert CXLVIII" name="Scenario: Convert CXLVIII"/>
  <testcase time="0" classname="Scenario: Convert CCXCIV" name="Given I have a RomanConverter"/>
  <testcase time="0" classname="Scenario: Convert CCXCIV" name="When I have \&quot;CCXCIV\&quot;"/>
  <testcase time="0" classname="Scenario: Convert CCXCIV" name="Then the result should be 294"/>
  <testcase time="0" classname="Scenario: Convert CCXCIV" name="Scenario: Convert CCXCIV"/>
  <testcase time="0" classname="Scenario: Convert CCCXII" name="Given I have a RomanConverter"/>
  <testcase time="0" classname="Scenario: Convert CCCXII" name="When I have \&quot;CCCXII\&quot;"/>
  <testcase time="0" classname="Scenario: Convert CCCXII" name="Then the result should be 312"/>
  <testcase time="0" classname="Scenario: Convert CCCXII" name="Scenario: Convert CCCXII"/>
  <testcase time="0" classname="Scenario: Convert CDXXI" name="Given I have a RomanConverter"/>
  <testcase time="0" classname="Scenario: Convert CDXXI" name="When I have \&quot;CDXXI\&quot;"/>
  <testcase time="0" classname="Scenario: Convert CDXXI" name="Then the result should be 421"/>
  <testcase time="0.001" classname="Scenario: Convert CDXXI" name="Scenario: Convert CDXXI"/>
  <testcase time="0" classname="Scenario: Convert DXXVIII" name="Given I have a RomanConverter"/>
  <testcase time="0" classname="Scenario: Convert DXXVIII" name="When I have \&quot;DXXVIII\&quot;"/>
  <testcase time="0" classname="Scenario: Convert DXXVIII" name="Then the result should be 528"/>
  <testcase time="0" classname="Scenario: Convert DXXVIII" name="Scenario: Convert DXXVIII"/>
  <testcase time="0" classname="Scenario: Convert DCXXI" name="Given I have a RomanConverter"/>
  <testcase time="0" classname="Scenario: Convert DCXXI" name="When I have \&quot;DCXXI\&quot;"/>
  <testcase time="0" classname="Scenario: Convert DCXXI" name="Then the result should be 621"/>
  <testcase time="0.001" classname="Scenario: Convert DCXXI" name="Scenario: Convert DCXXI"/>
  <testcase time="0" classname="Scenario: Convert DCCLXXXII" name="Given I have a RomanConverter"/>
  <testcase time="0" classname="Scenario: Convert DCCLXXXII" name="When I have \&quot;DCCLXXXII\&quot;"/>
  <testcase time="0" classname="Scenario: Convert DCCLXXXII" name="Then the result should be 782"/>
  <testcase time="0" classname="Scenario: Convert DCCLXXXII" name="Scenario: Convert DCCLXXXII"/>
  <testcase time="0" classname="Scenario: Convert DCCCLXX" name="Given I have a RomanConverter"/>
  <testcase time="0" classname="Scenario: Convert DCCCLXX" name="When I have \&quot;DCCCLXX\&quot;"/>
  <testcase time="0" classname="Scenario: Convert DCCCLXX" name="Then the result should be 870"/>
  <testcase time="0" classname="Scenario: Convert DCCCLXX" name="Scenario: Convert DCCCLXX"/>
  <testcase time="0" classname="Scenario: Convert CMXLI" name="Given I have a RomanConverter"/>
  <testcase time="0" classname="Scenario: Convert CMXLI" name="When I have \&quot;CMXLI\&quot;"/>
  <testcase time="0" classname="Scenario: Convert CMXLI" name="Then the result should be 941"/>
  <testcase time="0.001" classname="Scenario: Convert CMXLI" name="Scenario: Convert CMXLI"/>
  <testcase time="0" classname="Scenario: Convert MXLIII" name="Given I have a RomanConverter"/>
  <testcase time="0" classname="Scenario: Convert MXLIII" name="When I have \&quot;MXLIII\&quot;"/>
  <testcase time="0" classname="Scenario: Convert MXLIII" name="Then the result should be 1043"/>
  <testcase time="0" classname="Scenario: Convert MXLIII" name="Scenario: Convert MXLIII"/>
  <testcase time="0" classname="Scenario: Convert MCX" name="Given I have a RomanConverter"/>
  <testcase time="0" classname="Scenario: Convert MCX" name="When I have \&quot;MCX\&quot;"/>
  <testcase time="0" classname="Scenario: Convert MCX" name="Then the result should be 1110"/>
  <testcase time="0.001" classname="Scenario: Convert MCX" name="Scenario: Convert MCX"/>
  <testcase time="0" classname="Scenario: Convert MCCXXVI" name="Given I have a RomanConverter"/>
  <testcase time="0" classname="Scenario: Convert MCCXXVI" name="When I have \&quot;MCCXXVI\&quot;"/>
  <testcase time="0" classname="Scenario: Convert MCCXXVI" name="Then the result should be 1226"/>
  <testcase time="0" classname="Scenario: Convert MCCXXVI" name="Scenario: Convert MCCXXVI"/>
  <testcase time="0" classname="Scenario: Convert MCCCI" name="Given I have a RomanConverter"/>
  <testcase time="0" classname="Scenario: Convert MCCCI" name="When I have \&quot;MCCCI\&quot;"/>
  <testcase time="0" classname="Scenario: Convert MCCCI" name="Then the result should be 1301"/>
  <testcase time="0.001" classname="Scenario: Convert MCCCI" name="Scenario: Convert MCCCI"/>
  <testcase time="0" classname="Scenario: Convert MCDLXXXV" name="Given I have a RomanConverter"/>
  <testcase time="0" classname="Scenario: Convert MCDLXXXV" name="When I have \&quot;MCDLXXXV\&quot;"/>
  <testcase time="0" classname="Scenario: Convert MCDLXXXV" name="Then the result should be 1485"/>
  <testcase time="0.001" classname="Scenario: Convert MCDLXXXV" name="Scenario: Convert MCDLXXXV"/>
  <testcase time="0" classname="Scenario: Convert MDIX" name="Given I have a RomanConverter"/>
  <testcase time="0" classname="Scenario: Convert MDIX" name="When I have \&quot;MDIX\&quot;"/>
  <testcase time="0" classname="Scenario: Convert MDIX" name="Then the result should be 1509"/>
  <testcase time="0.001" classname="Scenario: Convert MDIX" name="Scenario: Convert MDIX"/>
  <testcase time="0" classname="Scenario: Convert MDCVII" name="Given I have a RomanConverter"/>
  <testcase time="0.001" classname="Scenario: Convert MDCVII" name="When I have \&quot;MDCVII\&quot;"/>
  <testcase time="0" classname="Scenario: Convert MDCVII" name="Then the result should be 1607"/>
  <testcase time="0.001" classname="Scenario: Convert MDCVII" name="Scenario: Convert MDCVII"/>
  <testcase time="0" classname="Scenario: Convert MDCCLIV" name="Given I have a RomanConverter"/>
  <testcase time="0" classname="Scenario: Convert MDCCLIV" name="When I have \&quot;MDCCLIV\&quot;"/>
  <testcase time="0" classname="Scenario: Convert MDCCLIV" name="Then the result should be 1754"/>
  <testcase time="0.001" classname="Scenario: Convert MDCCLIV" name="Scenario: Convert MDCCLIV"/>
  <testcase time="0" classname="Scenario: Convert MDCCCXXXII" name="Given I have a RomanConverter"/>
  <testcase time="0" classname="Scenario: Convert MDCCCXXXII" name="When I have \&quot;MDCCCXXXII\&quot;"/>
  <testcase time="0" classname="Scenario: Convert MDCCCXXXII" name="Then the result should be 1832"/>
  <testcase time="0" classname="Scenario: Convert MDCCCXXXII" name="Scenario: Convert MDCCCXXXII"/>
  <testcase time="0" classname="Scenario: Convert MCMXCIII" name="Given I have a RomanConverter"/>
  <testcase time="0" classname="Scenario: Convert MCMXCIII" name="When I have \&quot;MCMXCIII\&quot;"/>
  <testcase time="0" classname="Scenario: Convert MCMXCIII" name="Then the result should be 1993"/>
  <testcase time="0.001" classname="Scenario: Convert MCMXCIII" name="Scenario: Convert MCMXCIII"/>
  <testcase time="0" classname="Scenario: Convert MMLXXIV" name="Given I have a RomanConverter"/>
  <testcase time="0" classname="Scenario: Convert MMLXXIV" name="When I have \&quot;MMLXXIV\&quot;"/>
  <testcase time="0" classname="Scenario: Convert MMLXXIV" name="Then the result should be 2074"/>
  <testcase time="0.001" classname="Scenario: Convert MMLXXIV" name="Scenario: Convert MMLXXIV"/>
  <testcase time="0" classname="Scenario: Convert MMCLII" name="Given I have a RomanConverter"/>
  <testcase time="0" classname="Scenario: Convert MMCLII" name="When I have \&quot;MMCLII\&quot;"/>
  <testcase time="0" classname="Scenario: Convert MMCLII" name="Then the result should be 2152"/>
  <testcase time="0.001" classname="Scenario: Convert MMCLII" name="Scenario: Convert MMCLII"/>
  <testcase time="0" classname="Scenario: Convert MMCCXII" name="Given I have a RomanConverter"/>
  <testcase time="0" classname="Scenario: Convert MMCCXII" name="When I have \&quot;MMCCXII\&quot;"/>
  <testcase time="0" classname="Scenario: Convert MMCCXII" name="Then the result should be 2212"/>
  <testcase time="0" classname="Scenario: Convert MMCCXII" name="Scenario: Convert MMCCXII"/>
  <testcase time="0" classname="Scenario: Convert MMCCCXLIII" name="Given I have a RomanConverter"/>
  <testcase time="0" classname="Scenario: Convert MMCCCXLIII" name="When I have \&quot;MMCCCXLIII\&quot;"/>
  <testcase time="0" classname="Scenario: Convert MMCCCXLIII" name="Then the result should be 2343"/>
  <testcase time="0" classname="Scenario: Convert MMCCCXLIII" name="Scenario: Convert MMCCCXLIII"/>
  <testcase time="0" classname="Scenario: Convert MMCDXCIX" name="Given I have a RomanConverter"/>
  <testcase time="0" classname="Scenario: Convert MMCDXCIX" name="When I have \&quot;MMCDXCIX\&quot;"/>
  <testcase time="0" classname="Scenario: Convert MMCDXCIX" name="Then the result should be 2499"/>
  <testcase time="0" classname="Scenario: Convert MMCDXCIX" name="Scenario: Convert MMCDXCIX"/>
  <testcase time="0" classname="Scenario: Convert MMDLXXIV" name="Given I have a RomanConverter"/>
  <testcase time="0" classname="Scenario: Convert MMDLXXIV" name="When I have \&quot;MMDLXXIV\&quot;"/>
  <testcase time="0" classname="Scenario: Convert MMDLXXIV" name="Then the result should be 2574"/>
  <testcase time="0" classname="Scenario: Convert MMDLXXIV" name="Scenario: Convert MMDLXXIV"/>
  <testcase time="0" classname="Scenario: Convert MMDCXLVI" name="Given I have a RomanConverter"/>
  <testcase time="0" classname="Scenario: Convert MMDCXLVI" name="When I have \&quot;MMDCXLVI\&quot;"/>
  <testcase time="0" classname="Scenario: Convert MMDCXLVI" name="Then the result should be 2646"/>
  <testcase time="0.001" classname="Scenario: Convert MMDCXLVI" name="Scenario: Convert MMDCXLVI"/>
  <testcase time="0" classname="Scenario: Convert MMDCCXXIII" name="Given I have a RomanConverter"/>
  <testcase time="0" classname="Scenario: Convert MMDCCXXIII" name="When I have \&quot;MMDCCXXIII\&quot;"/>
  <testcase time="0" classname="Scenario: Convert MMDCCXXIII" name="Then the result should be 2723"/>
  <testcase time="0" classname="Scenario: Convert MMDCCXXIII" name="Scenario: Convert MMDCCXXIII"/>
  <testcase time="0" classname="Scenario: Convert MMDCCCXCII" name="Given I have a RomanConverter"/>
  <testcase time="0" classname="Scenario: Convert MMDCCCXCII" name="When I have \&quot;MMDCCCXCII\&quot;"/>
  <testcase time="0" classname="Scenario: Convert MMDCCCXCII" name="Then the result should be 2892"/>
  <testcase time="0.001" classname="Scenario: Convert MMDCCCXCII" name="Scenario: Convert MMDCCCXCII"/>
  <testcase time="0" classname="Scenario: Convert MMCMLXXV" name="Given I have a RomanConverter"/>
  <testcase time="0" classname="Scenario: Convert MMCMLXXV" name="When I have \&quot;MMCMLXXV\&quot;"/>
  <testcase time="0" classname="Scenario: Convert MMCMLXXV" name="Then the result should be 2975"/>
  <testcase time="0.001" classname="Scenario: Convert MMCMLXXV" name="Scenario: Convert MMCMLXXV"/>
  <testcase time="0" classname="Scenario: Convert MMMLI" name="Given I have a RomanConverter"/>
  <testcase time="0.001" classname="Scenario: Convert MMMLI" name="When I have \&quot;MMMLI\&quot;"/>
  <testcase time="0" classname="Scenario: Convert MMMLI" name="Then the result should be 3051"/>
  <testcase time="0" classname="Scenario: Convert MMMLI" name="Scenario: Convert MMMLI"/>
  <testcase time="0" classname="Scenario: Convert MMMCLXXXV" name="Given I have a RomanConverter"/>
  <testcase time="0" classname="Scenario: Convert MMMCLXXXV" name="When I have \&quot;MMMCLXXXV\&quot;"/>
  <testcase time="0" classname="Scenario: Convert MMMCLXXXV" name="Then the result should be 3185"/>
  <testcase time="0" classname="Scenario: Convert MMMCLXXXV" name="Scenario: Convert MMMCLXXXV"/>
  <testcase time="0" classname="Scenario: Convert MMMCCL" name="Given I have a RomanConverter"/>
  <testcase time="0" classname="Scenario: Convert MMMCCL" name="When I have \&quot;MMMCCL\&quot;"/>
  <testcase time="0" classname="Scenario: Convert MMMCCL" name="Then the result should be 3250"/>
  <testcase time="0.001" classname="Scenario: Convert MMMCCL" name="Scenario: Convert MMMCCL"/>
  <testcase time="0" classname="Scenario: Convert MMMCCCXIII" name="Given I have a RomanConverter"/>
  <testcase time="0" classname="Scenario: Convert MMMCCCXIII" name="When I have \&quot;MMMCCCXIII\&quot;"/>
  <testcase time="0" classname="Scenario: Convert MMMCCCXIII" name="Then the result should be 3313"/>
  <testcase time="0" classname="Scenario: Convert MMMCCCXIII" name="Scenario: Convert MMMCCCXIII"/>
  <testcase time="0" classname="Scenario: Convert MMMCDVIII" name="Given I have a RomanConverter"/>
  <testcase time="0.001" classname="Scenario: Convert MMMCDVIII" name="When I have \&quot;MMMCDVIII\&quot;"/>
  <testcase time="0" classname="Scenario: Convert MMMCDVIII" name="Then the result should be 3408"/>
  <testcase time="0.001" classname="Scenario: Convert MMMCDVIII" name="Scenario: Convert MMMCDVIII"/>
  <testcase time="0" classname="Scenario: Convert MMMDI" name="Given I have a RomanConverter"/>
  <testcase time="0" classname="Scenario: Convert MMMDI" name="When I have \&quot;MMMDI\&quot;"/>
  <testcase time="0" classname="Scenario: Convert MMMDI" name="Then the result should be 3501"/>
  <testcase time="0.001" classname="Scenario: Convert MMMDI" name="Scenario: Convert MMMDI"/>
  <testcase time="0" classname="Scenario: Convert MMMDCX" name="Given I have a RomanConverter"/>
  <testcase time="0" classname="Scenario: Convert MMMDCX" name="When I have \&quot;MMMDCX\&quot;"/>
  <testcase time="0" classname="Scenario: Convert MMMDCX" name="Then the result should be 3610"/>
  <testcase time="0.001" classname="Scenario: Convert MMMDCX" name="Scenario: Convert MMMDCX"/>
  <testcase time="0" classname="Scenario: Convert MMMDCCXLIII" name="Given I have a RomanConverter"/>
  <testcase time="0" classname="Scenario: Convert MMMDCCXLIII" name="When I have \&quot;MMMDCCXLIII\&quot;"/>
  <testcase time="0" classname="Scenario: Convert MMMDCCXLIII" name="Then the result should be 3743"/>
  <testcase time="0.001" classname="Scenario: Convert MMMDCCXLIII" name="Scenario: Convert MMMDCCXLIII"/>
  <testcase time="0" classname="Scenario: Convert MMMDCCCXLIV" name="Given I have a RomanConverter"/>
  <testcase time="0" classname="Scenario: Convert MMMDCCCXLIV" name="When I have \&quot;MMMDCCCXLIV\&quot;"/>
  <testcase time="0" classname="Scenario: Convert MMMDCCCXLIV" name="Then the result should be 3844"/>
  <testcase time="0.001" classname="Scenario: Convert MMMDCCCXLIV" name="Scenario: Convert MMMDCCCXLIV"/>
  <testcase time="0" classname="Scenario: Convert MMMDCCCLXXXVIII" name="Given I have a RomanConverter"/>
  <testcase time="0" classname="Scenario: Convert MMMDCCCLXXXVIII" name="When I have \&quot;MMMDCCCLXXXVIII\&quot;"/>
  <testcase time="0" classname="Scenario: Convert MMMDCCCLXXXVIII" name="Then the result should be 3888"/>
  <testcase time="0" classname="Scenario: Convert MMMDCCCLXXXVIII" name="Scenario: Convert MMMDCCCLXXXVIII"/>
  <testcase time="0" classname="Scenario: Convert MMMCMXL" name="Given I have a RomanConverter"/>
  <testcase time="0" classname="Scenario: Convert MMMCMXL" name="When I have \&quot;MMMCMXL\&quot;"/>
  <testcase time="0" classname="Scenario: Convert MMMCMXL" name="Then the result should be 3940"/>
  <testcase time="0.001" classname="Scenario: Convert MMMCMXL" name="Scenario: Convert MMMCMXL"/>
  <testcase time="0" classname="Scenario: Convert MMMCMXCIX" name="Given I have a RomanConverter"/>
  <testcase time="0" classname="Scenario: Convert MMMCMXCIX" name="When I have \&quot;MMMCMXCIX\&quot;"/>
  <testcase time="0" classname="Scenario: Convert MMMCMXCIX" name="Then the result should be 3999"/>
  <testcase time="0.001" classname="Scenario: Convert MMMCMXCIX" name="Scenario: Convert MMMCMXCIX"/>
  <testcase time="0" classname="Scenario: Convert empty string" name="Given I have a RomanConverter"/>
  <testcase time="0" classname="Scenario: Convert empty string" name="When I have \&quot;\&quot;"/>
  <testcase time="0" classname="Scenario: Convert empty string" name="Then string is empty \&quot;\&quot;"/>
  <testcase time="0.001" classname="Scenario: Convert empty string" name="Scenario: Convert empty string"/>
  <testcase time="0" classname="Scenario: Convert \&quot; \&quot;" name="Given I have a RomanConverter"/>
  <testcase time="0" classname="Scenario: Convert \&quot; \&quot;" name="When I have \&quot; \&quot;"/>
  <testcase time="0" classname="Scenario: Convert \&quot; \&quot;" name="Then illegal roman numeral \&quot; \&quot;"/>
  <testcase time="0.001" classname="Scenario: Convert \&quot; \&quot;" name="Scenario: Convert \&quot; \&quot;"/>
  <testcase time="0" classname="Scenario: Convert LL" name="Given I have a RomanConverter"/>
  <testcase time="0" classname="Scenario: Convert LL" name="When I have \&quot;LL\&quot;"/>
  <testcase time="0" classname="Scenario: Convert LL" name="Then illegal roman numeral \&quot;LL\&quot;"/>
  <testcase time="0" classname="Scenario: Convert LL" name="Scenario: Convert LL"/>
  <testcase time="0" classname="Scenario: Convert DD" name="Given I have a RomanConverter"/>
  <testcase time="0" classname="Scenario: Convert DD" name="When I have \&quot;DD\&quot;"/>
  <testcase time="0" classname="Scenario: Convert DD" name="Then illegal roman numeral \&quot;DD\&quot;"/>
  <testcase time="0.001" classname="Scenario: Convert DD" name="Scenario: Convert DD"/>
  <testcase time="0" classname="Scenario: Convert VV" name="Given I have a RomanConverter"/>
  <testcase time="0" classname="Scenario: Convert VV" name="When I have \&quot;VV\&quot;"/>
  <testcase time="0" classname="Scenario: Convert VV" name="Then illegal roman numeral \&quot;VV\&quot;"/>
  <testcase time="0" classname="Scenario: Convert VV" name="Scenario: Convert VV"/>
  <testcase time="0" classname="Scenario: Convert CMCM" name="Given I have a RomanConverter"/>
  <testcase time="0" classname="Scenario: Convert CMCM" name="When I have \&quot;CMCM\&quot;"/>
  <testcase time="0" classname="Scenario: Convert CMCM" name="Then illegal roman numeral \&quot;CMCM\&quot;"/>
  <testcase time="0" classname="Scenario: Convert CMCM" name="Scenario: Convert CMCM"/>
  <testcase time="0" classname="Scenario: Convert CDCD" name="Given I have a RomanConverter"/>
  <testcase time="0" classname="Scenario: Convert CDCD" name="When I have \&quot;CDCD\&quot;"/>
  <testcase time="0" classname="Scenario: Convert CDCD" name="Then illegal roman numeral \&quot;CDCD\&quot;"/>
  <testcase time="0" classname="Scenario: Convert CDCD" name="Scenario: Convert CDCD"/>
  <testcase time="0" classname="Scenario: Convert XCXC" name="Given I have a RomanConverter"/>
  <testcase time="0" classname="Scenario: Convert XCXC" name="When I have \&quot;XCXC\&quot;"/>
  <testcase time="0" classname="Scenario: Convert XCXC" name="Then illegal roman numeral \&quot;XCXC\&quot;"/>
  <testcase time="0" classname="Scenario: Convert XCXC" name="Scenario: Convert XCXC"/>
  <testcase time="0" classname="Scenario: Convert XLXL" name="Given I have a RomanConverter"/>
  <testcase time="0" classname="Scenario: Convert XLXL" name="When I have \&quot;XLXL\&quot;"/>
  <testcase time="0" classname="Scenario: Convert XLXL" name="Then illegal roman numeral \&quot;XLXL\&quot;"/>
  <testcase time="0" classname="Scenario: Convert XLXL" name="Scenario: Convert XLXL"/>
  <testcase time="0" classname="Scenario: Convert IXIX" name="Given I have a RomanConverter"/>
  <testcase time="0" classname="Scenario: Convert IXIX" name="When I have \&quot;IXIX\&quot;"/>
  <testcase time="0" classname="Scenario: Convert IXIX" name="Then illegal roman numeral \&quot;IXIX\&quot;"/>
  <testcase time="0.001" classname="Scenario: Convert IXIX" name="Scenario: Convert IXIX"/>
  <testcase time="0" classname="Scenario: Convert IVIV" name="Given I have a RomanConverter"/>
  <testcase time="0" classname="Scenario: Convert IVIV" name="When I have \&quot;IVIV\&quot;"/>
  <testcase time="0" classname="Scenario: Convert IVIV" name="Then illegal roman numeral \&quot;IVIV\&quot;"/>
  <testcase time="0" classname="Scenario: Convert IVIV" name="Scenario: Convert IVIV"/>
  <testcase time="0" classname="Scenario: Convert MMMMM" name="Given I have a RomanConverter"/>
  <testcase time="0" classname="Scenario: Convert MMMMM" name="When I have \&quot;MMMMM\&quot;"/>
  <testcase time="0" classname="Scenario: Convert MMMMM" name="Then illegal roman numeral \&quot;MMMMM\&quot;"/>
  <testcase time="0" classname="Scenario: Convert MMMMM" name="Scenario: Convert MMMMM"/>
  <testcase time="0" classname="Scenario: Convert CCCC" name="Given I have a RomanConverter"/>
  <testcase time="0" classname="Scenario: Convert CCCC" name="When I have \&quot;CCCC\&quot;"/>
  <testcase time="0" classname="Scenario: Convert CCCC" name="Then illegal roman numeral \&quot;CCCC\&quot;"/>
  <testcase time="0" classname="Scenario: Convert CCCC" name="Scenario: Convert CCCC"/>
  <testcase time="0" classname="Scenario: Convert XXXX" name="Given I have a RomanConverter"/>
  <testcase time="0" classname="Scenario: Convert XXXX" name="When I have \&quot;XXXX\&quot;"/>
  <testcase time="0" classname="Scenario: Convert XXXX" name="Then illegal roman numeral \&quot;XXXX\&quot;"/>
  <testcase time="0" classname="Scenario: Convert XXXX" name="Scenario: Convert XXXX"/>
  <testcase time="0" classname="Scenario: Convert IIII" name="Given I have a RomanConverter"/>
  <testcase time="0" classname="Scenario: Convert IIII" name="When I have \&quot;IIII\&quot;"/>
  <testcase time="0" classname="Scenario: Convert IIII" name="Then illegal roman numeral \&quot;IIII\&quot;"/>
  <testcase time="0.001" classname="Scenario: Convert IIII" name="Scenario: Convert IIII"/>
  <testcase time="0" classname="Scenario: Convert IIMXCC" name="Given I have a RomanConverter"/>
  <testcase time="0" classname="Scenario: Convert IIMXCC" name="When I have \&quot;IIMXCC\&quot;"/>
  <testcase time="0" classname="Scenario: Convert IIMXCC" name="Then illegal roman numeral \&quot;IIMXCC\&quot;"/>
  <testcase time="0.001" classname="Scenario: Convert IIMXCC" name="Scenario: Convert IIMXCC"/>
  <testcase time="0" classname="Scenario: Convert DCM" name="Given I have a RomanConverter"/>
  <testcase time="0" classname="Scenario: Convert DCM" name="When I have \&quot;DCM\&quot;"/>
  <testcase time="0" classname="Scenario: Convert DCM" name="Then illegal roman numeral \&quot;DCM\&quot;"/>
  <testcase time="0" classname="Scenario: Convert DCM" name="Scenario: Convert DCM"/>
  <testcase time="0" classname="Scenario: Convert CMM" name="Given I have a RomanConverter"/>
  <testcase time="0" classname="Scenario: Convert CMM" name="When I have \&quot;CMM\&quot;"/>
  <testcase time="0" classname="Scenario: Convert CMM" name="Then illegal roman numeral \&quot;CMM\&quot;"/>
  <testcase time="0" classname="Scenario: Convert CMM" name="Scenario: Convert CMM"/>
  <testcase time="0.001" classname="Scenario: Convert IXIV" name="Given I have a RomanConverter"/>
  <testcase time="0" classname="Scenario: Convert IXIV" name="When I have \&quot;IXIV\&quot;"/>
  <testcase time="0" classname="Scenario: Convert IXIV" name="Then illegal roman numeral \&quot;IXIV\&quot;"/>
  <testcase time="0.001" classname="Scenario: Convert IXIV" name="Scenario: Convert IXIV"/>
  <testcase time="0" classname="Scenario: Convert MCMC" name="Given I have a RomanConverter"/>
  <testcase time="0" classname="Scenario: Convert MCMC" name="When I have \&quot;MCMC\&quot;"/>
  <testcase time="0" classname="Scenario: Convert MCMC" name="Then illegal roman numeral \&quot;MCMC\&quot;"/>
  <testcase time="0" classname="Scenario: Convert MCMC" name="Scenario: Convert MCMC"/>
  <testcase time="0" classname="Scenario: Convert XCX" name="Given I have a RomanConverter"/>
  <testcase time="0" classname="Scenario: Convert XCX" name="When I have \&quot;XCX\&quot;"/>
  <testcase time="0" classname="Scenario: Convert XCX" name="Then illegal roman numeral \&quot;XCX\&quot;"/>
  <testcase time="0" classname="Scenario: Convert XCX" name="Scenario: Convert XCX"/>
  <testcase time="0" classname="Scenario: Convert IVI" name="Given I have a RomanConverter"/>
  <testcase time="0" classname="Scenario: Convert IVI" name="When I have \&quot;IVI\&quot;"/>
  <testcase time="0" classname="Scenario: Convert IVI" name="Then illegal roman numeral \&quot;IVI\&quot;"/>
  <testcase time="0.001" classname="Scenario: Convert IVI" name="Scenario: Convert IVI"/>
  <testcase time="0" classname="Scenario: Convert DM" name="Given I have a RomanConverter"/>
  <testcase time="0" classname="Scenario: Convert DM" name="When I have \&quot;DM\&quot;"/>
  <testcase time="0" classname="Scenario: Convert DM" name="Then illegal roman numeral \&quot;DM\&quot;"/>
  <testcase time="0" classname="Scenario: Convert DM" name="Scenario: Convert DM"/>
  <testcase time="0" classname="Scenario: Convert LM" name="Given I have a RomanConverter"/>
  <testcase time="0" classname="Scenario: Convert LM" name="When I have \&quot;LM\&quot;"/>
  <testcase time="0" classname="Scenario: Convert LM" name="Then illegal roman numeral \&quot;LM\&quot;"/>
  <testcase time="0" classname="Scenario: Convert LM" name="Scenario: Convert LM"/>
  <testcase time="0" classname="Scenario: Convert XM" name="Given I have a RomanConverter"/>
  <testcase time="0" classname="Scenario: Convert XM" name="When I have \&quot;XM\&quot;"/>
  <testcase time="0" classname="Scenario: Convert XM" name="Then illegal roman numeral \&quot;XM\&quot;"/>
  <testcase time="0" classname="Scenario: Convert XM" name="Scenario: Convert XM"/>
  <testcase time="0" classname="Scenario: Convert VM" name="Given I have a RomanConverter"/>
  <testcase time="0" classname="Scenario: Convert VM" name="When I have \&quot;VM\&quot;"/>
  <testcase time="0" classname="Scenario: Convert VM" name="Then illegal roman numeral \&quot;VM\&quot;"/>
  <testcase time="0" classname="Scenario: Convert VM" name="Scenario: Convert VM"/>
  <testcase time="0" classname="Scenario: Convert IM" name="Given I have a RomanConverter"/>
  <testcase time="0" classname="Scenario: Convert IM" name="When I have \&quot;IM\&quot;"/>
  <testcase time="0" classname="Scenario: Convert IM" name="Then illegal roman numeral \&quot;IM\&quot;"/>
  <testcase time="0.001" classname="Scenario: Convert IM" name="Scenario: Convert IM"/>
  <testcase time="0" classname="Scenario: Convert LD" name="Given I have a RomanConverter"/>
  <testcase time="0" classname="Scenario: Convert LD" name="When I have \&quot;LD\&quot;"/>
  <testcase time="0" classname="Scenario: Convert LD" name="Then illegal roman numeral \&quot;LD\&quot;"/>
  <testcase time="0" classname="Scenario: Convert LD" name="Scenario: Convert LD"/>
  <testcase time="0" classname="Scenario: Convert XD" name="Given I have a RomanConverter"/>
  <testcase time="0" classname="Scenario: Convert XD" name="When I have \&quot;XD\&quot;"/>
  <testcase time="0" classname="Scenario: Convert XD" name="Then illegal roman numeral \&quot;XD\&quot;"/>
  <testcase time="0" classname="Scenario: Convert XD" name="Scenario: Convert XD"/>
  <testcase time="0" classname="Scenario: Convert VD" name="Given I have a RomanConverter"/>
  <testcase time="0" classname="Scenario: Convert VD" name="When I have \&quot;VD\&quot;"/>
  <testcase time="0" classname="Scenario: Convert VD" name="Then illegal roman numeral \&quot;VD\&quot;"/>
  <testcase time="0" classname="Scenario: Convert VD" name="Scenario: Convert VD"/>
  <testcase time="0" classname="Scenario: Convert ID" name="Given I have a RomanConverter"/>
  <testcase time="0" classname="Scenario: Convert ID" name="When I have \&quot;ID\&quot;"/>
  <testcase time="0" classname="Scenario: Convert ID" name="Then illegal roman numeral \&quot;ID\&quot;"/>
  <testcase time="0" classname="Scenario: Convert ID" name="Scenario: Convert ID"/>
  <testcase time="0" classname="Scenario: Convert LC" name="Given I have a RomanConverter"/>
  <testcase time="0" classname="Scenario: Convert LC" name="When I have \&quot;LC\&quot;"/>
  <testcase time="0" classname="Scenario: Convert LC" name="Then illegal roman numeral \&quot;LC\&quot;"/>
  <testcase time="0" classname="Scenario: Convert LC" name="Scenario: Convert LC"/>
  <testcase time="0" classname="Scenario: Convert VC" name="Given I have a RomanConverter"/>
  <testcase time="0" classname="Scenario: Convert VC" name="When I have \&quot;VC\&quot;"/>
  <testcase time="0" classname="Scenario: Convert VC" name="Then illegal roman numeral \&quot;VC\&quot;"/>
  <testcase time="0" classname="Scenario: Convert VC" name="Scenario: Convert VC"/>
  <testcase time="0.001" classname="Scenario: Convert IC" name="Given I have a RomanConverter"/>
  <testcase time="0" classname="Scenario: Convert IC" name="When I have \&quot;IC\&quot;"/>
  <testcase time="0" classname="Scenario: Convert IC" name="Then illegal roman numeral \&quot;IC\&quot;"/>
  <testcase time="0" classname="Scenario: Convert IC" name="Scenario: Convert IC"/>
  <testcase time="0.001" classname="Scenario: Convert VL" name="Given I have a RomanConverter"/>
  <testcase time="0" classname="Scenario: Convert VL" name="When I have \&quot;VL\&quot;"/>
  <testcase time="0" classname="Scenario: Convert VL" name="Then illegal roman numeral \&quot;VL\&quot;"/>
  <testcase time="0.001" classname="Scenario: Convert VL" name="Scenario: Convert VL"/>
  <testcase time="0" classname="Scenario: Convert IL" name="Given I have a RomanConverter"/>
  <testcase time="0" classname="Scenario: Convert IL" name="When I have \&quot;IL\&quot;"/>
  <testcase time="0" classname="Scenario: Convert IL" name="Then illegal roman numeral \&quot;IL\&quot;"/>
  <testcase time="0.001" classname="Scenario: Convert IL" name="Scenario: Convert IL"/>
  <testcase time="0" classname="Scenario: Convert VX" name="Given I have a RomanConverter"/>
  <testcase time="0" classname="Scenario: Convert VX" name="When I have \&quot;VX\&quot;"/>
  <testcase time="0.001" classname="Scenario: Convert VX" name="Then illegal roman numeral \&quot;VX\&quot;"/>
  <testcase time="0.001" classname="Scenario: Convert VX" name="Scenario: Convert VX"/>
  <testcase time="0" classname="Scenario: Convert IIX" name="Given I have a RomanConverter"/>
  <testcase time="0" classname="Scenario: Convert IIX" name="When I have \&quot;IIX\&quot;"/>
  <testcase time="0" classname="Scenario: Convert IIX" name="Then illegal roman numeral \&quot;IIX\&quot;"/>
  <testcase time="0.001" classname="Scenario: Convert IIX" name="Scenario: Convert IIX"/>
  <testcase time="0" classname="Scenario: Convert IIV" name="Given I have a RomanConverter"/>
  <testcase time="0" classname="Scenario: Convert IIV" name="When I have \&quot;IIV\&quot;"/>
  <testcase time="0" classname="Scenario: Convert IIV" name="Then illegal roman numeral \&quot;IIV\&quot;"/>
  <testcase time="0.001" classname="Scenario: Convert IIV" name="Scenario: Convert IIV"/>
  <testcase time="0" classname="Scenario: Convert IIL" name="Given I have a RomanConverter"/>
  <testcase time="0" classname="Scenario: Convert IIL" name="When I have \&quot;IIL\&quot;"/>
  <testcase time="0" classname="Scenario: Convert IIL" name="Then illegal roman numeral \&quot;IIL\&quot;"/>
  <testcase time="0.001" classname="Scenario: Convert IIL" name="Scenario: Convert IIL"/>
  <testcase time="0" classname="Scenario: Convert IID" name="Given I have a RomanConverter"/>
  <testcase time="0" classname="Scenario: Convert IID" name="When I have \&quot;IID\&quot;"/>
  <testcase time="0" classname="Scenario: Convert IID" name="Then illegal roman numeral \&quot;IID\&quot;"/>
  <testcase time="0" classname="Scenario: Convert IID" name="Scenario: Convert IID"/>
  <testcase time="0" classname="Scenario: Convert IIIV" name="Given I have a RomanConverter"/>
  <testcase time="0" classname="Scenario: Convert IIIV" name="When I have \&quot;IIIV\&quot;"/>
  <testcase time="0" classname="Scenario: Convert IIIV" name="Then illegal roman numeral \&quot;IIIV\&quot;"/>
  <testcase time="0" classname="Scenario: Convert IIIV" name="Scenario: Convert IIIV"/>
  <testcase time="0" classname="Scenario: Convert xv" name="Given I have a RomanConverter"/>
  <testcase time="0" classname="Scenario: Convert xv" name="When I have \&quot;xv\&quot;"/>
  <testcase time="0" classname="Scenario: Convert xv" name="Then illegal roman numeral \&quot;xv\&quot;"/>
  <testcase time="0.001" classname="Scenario: Convert xv" name="Scenario: Convert xv"/>
  <testcase time="0" classname="Scenario: Convert CA" name="Given I have a RomanConverter"/>
  <testcase time="0" classname="Scenario: Convert CA" name="When I have \&quot;CA\&quot;"/>
  <testcase time="0" classname="Scenario: Convert CA" name="Then illegal roman numeral \&quot;CA\&quot;"/>
  <testcase time="0" classname="Scenario: Convert CA" name="Scenario: Convert CA"/>
  <testcase time="0" classname="Scenario: Convert 123" name="Given I have a RomanConverter"/>
  <testcase time="0" classname="Scenario: Convert 123" name="When I have \&quot;123\&quot;"/>
  <testcase time="0" classname="Scenario: Convert 123" name="Then illegal roman numeral \&quot;123\&quot;"/>
  <testcase time="0.001" classname="Scenario: Convert 123" name="Scenario: Convert 123"/>
  <testcase time="0" classname="Scenario: Convert !@#" name="Given I have a RomanConverter"/>
  <testcase time="0" classname="Scenario: Convert !@#" name="When I have \&quot;!@#\&quot;"/>
  <testcase time="0" classname="Scenario: Convert !@#" name="Then illegal roman numeral \&quot;!@#\&quot;"/>
  <testcase time="0" classname="Scenario: Convert !@#" name="Scenario: Convert !@#"/>
  <testcase time="0" classname="Scenario: Convert =+*&amp;" name="Given I have a RomanConverter"/>
  <testcase time="0" classname="Scenario: Convert =+*&amp;" name="When I have \&quot;=+*&amp;\&quot;"/>
  <testcase time="0" classname="Scenario: Convert =+*&amp;" name="Then illegal roman numeral \&quot;=+*&amp;\&quot;"/>
  <testcase time="0" classname="Scenario: Convert =+*&amp;" name="Scenario: Convert =+*&amp;"/>
</testsuite>